#
# There is insufficient memory for the Java Runtime Environment to continue.
# Native memory allocation (mmap) failed to map 134217728 bytes for Failed to commit area from 0x0000000081a00000 to 0x0000000089a00000 of length 134217728.
# Possible reasons:
#   The system is out of physical RAM or swap space
#   The process is running with CompressedOops enabled, and the Java Heap may be blocking the growth of the native heap
# Possible solutions:
#   Reduce memory load on the system
#   Increase physical memory or swap space
#   Check if swap backing store is full
#   Decrease Java heap size (-Xmx/-Xms)
#   Decrease number of Java threads
#   Decrease Java thread stack sizes (-Xss)
#   Set larger code cache with -XX:ReservedCodeCacheSize=
# This output file may be truncated or incomplete.
#
#  Out of Memory Error (./src/hotspot/os/windows/os_windows.cpp:3386), pid=17520, tid=12540
#
# JRE version:  (11.0.16.1+1) (build )
# Java VM: OpenJDK 64-Bit Server VM (11.0.16.1+1-LTS, mixed mode, sharing, tiered, compressed oops, g1 gc, windows-amd64)
# No core dump will be written. Minidumps are not enabled by default on client versions of Windows
#

---------------  S U M M A R Y ------------

Command Line: -Dfile.encoding=UTF8 

Host: Intel(R) Core(TM) i5-8265U CPU @ 1.60GHz, 8 cores, 7G,  Windows 11 , 64 bit Build 22621 (10.0.22621.2506)
Time: Thu Jan  4 13:46:07 2024 Hora oficial do Brasil elapsed time: 0.022371 seconds (0d 0h 0m 0s)

---------------  T H R E A D  ---------------

Current thread (0x0000016a4545c800):  JavaThread "Unknown thread" [_thread_in_vm, id=12540, stack(0x0000000db2a00000,0x0000000db2b00000)]

Stack: [0x0000000db2a00000,0x0000000db2b00000]
Native frames: (J=compiled Java code, j=interpreted, Vv=VM code, C=native code)
V  [jvm.dll+0x62652a]
V  [jvm.dll+0x7b3249]
V  [jvm.dll+0x7b4938]
V  [jvm.dll+0x7b5013]
V  [jvm.dll+0x24fca8]
V  [jvm.dll+0x62383a]
V  [jvm.dll+0x617fe5]
V  [jvm.dll+0x307bac]
V  [jvm.dll+0x307a32]
V  [jvm.dll+0x30c746]
V  [jvm.dll+0x352b9f]
V  [jvm.dll+0x3525d0]
V  [jvm.dll+0x2e4ba8]
V  [jvm.dll+0x2e5d06]
V  [jvm.dll+0x78d097]
V  [jvm.dll+0x78e81f]
V  [jvm.dll+0x35f8e9]
V  [jvm.dll+0x770000]
V  [jvm.dll+0x3cd40f]
V  [jvm.dll+0x3cf7a1]
C  [jli.dll+0x5207]
C  [ucrtbase.dll+0x29363]
C  [KERNEL32.DLL+0x1257d]
C  [ntdll.dll+0x5aa58]


---------------  P R O C E S S  ---------------

Threads class SMR info:
_java_thread_list=0x0000016a4320d490, length=0, elements={
}

Java Threads: ( => current thread )

Other Threads:
  0x0000016a45476800 GCTaskThread "GC Thread#0" [stack: 0x0000000db2b00000,0x0000000db2c00000] [id=1540]
  0x0000016a454aa000 ConcurrentGCThread "G1 Main Marker" [stack: 0x0000000db2c00000,0x0000000db2d00000] [id=9416]
  0x0000016a454ab800 ConcurrentGCThread "G1 Conc#0" [stack: 0x0000000db2d00000,0x0000000db2e00000] [id=16224]

[error occurred during error reporting (printing all threads), id 0xc0000005, EXCEPTION_ACCESS_VIOLATION (0xc0000005) at pc=0x00007ffbbe624377]

VM state:not at safepoint (not fully initialized)

VM Mutex/Monitor currently owned by a thread:  ([mutex/lock_event])
[0x0000016a45457160] Heap_lock - owner thread: 0x0000016a4545c800

Heap address: 0x0000000081a00000, size: 2022 MB, Compressed Oops mode: Non-zero based: 0x0000000081a00000
Narrow klass base: 0x0000000000000000, Narrow klass shift: 0

GC Heap History (0 events):
No events

Deoptimization events (0 events):
No events

Classes redefined (0 events):
No events

Internal exceptions (0 events):
No events

Events (1 events):
Event: 0.010 Loaded shared library C:\Program Files\Microsoft\jdk-11.0.16.101-hotspot\bin\zip.dll


Dynamic libraries:
0x00007ff726590000 - 0x00007ff72659d000 	C:\Program Files\Microsoft\jdk-11.0.16.101-hotspot\bin\java.exe
0x00007ffc0e990000 - 0x00007ffc0eba7000 	C:\WINDOWS\SYSTEM32\ntdll.dll
0x00007ffc0dc30000 - 0x00007ffc0dcf4000 	C:\WINDOWS\System32\KERNEL32.DLL
0x00007ffc0c1c0000 - 0x00007ffc0c566000 	C:\WINDOWS\System32\KERNELBASE.dll
0x00007ffc08b90000 - 0x00007ffc08c27000 	C:\WINDOWS\SYSTEM32\apphelp.dll
0x00007ffc0be70000 - 0x00007ffc0bf81000 	C:\WINDOWS\System32\ucrtbase.dll
0x00007ffbf4690000 - 0x00007ffbf46a7000 	C:\Program Files\Microsoft\jdk-11.0.16.101-hotspot\bin\jli.dll
0x00007ffc0d4d0000 - 0x00007ffc0d67e000 	C:\WINDOWS\System32\USER32.dll
0x00007ffc0c570000 - 0x00007ffc0c596000 	C:\WINDOWS\System32\win32u.dll
0x00007ffc0e570000 - 0x00007ffc0e599000 	C:\WINDOWS\System32\GDI32.dll
0x00007ffc0c0a0000 - 0x00007ffc0c1b8000 	C:\WINDOWS\System32\gdi32full.dll
0x00007ffc0c000000 - 0x00007ffc0c09a000 	C:\WINDOWS\System32\msvcp_win.dll
0x00007ffbefd40000 - 0x00007ffbefd55000 	C:\Program Files\Microsoft\jdk-11.0.16.101-hotspot\bin\VCRUNTIME140.dll
0x00007ffbf1f60000 - 0x00007ffbf21f3000 	C:\WINDOWS\WinSxS\amd64_microsoft.windows.common-controls_6595b64144ccf1df_6.0.22621.2506_none_270c5ae97388e100\COMCTL32.dll
0x00007ffc0e670000 - 0x00007ffc0e717000 	C:\WINDOWS\System32\msvcrt.dll
0x00007ffc0c8c0000 - 0x00007ffc0c8f1000 	C:\WINDOWS\System32\IMM32.DLL
0x00007ffbd1880000 - 0x00007ffbd191b000 	C:\Program Files\Microsoft\jdk-11.0.16.101-hotspot\bin\msvcp140.dll
0x00007ffbbe330000 - 0x00007ffbbeeba000 	C:\Program Files\Microsoft\jdk-11.0.16.101-hotspot\bin\server\jvm.dll
0x00007ffc0d3b0000 - 0x00007ffc0d461000 	C:\WINDOWS\System32\ADVAPI32.dll
0x00007ffc0da40000 - 0x00007ffc0dae5000 	C:\WINDOWS\System32\sechost.dll
0x00007ffc0db10000 - 0x00007ffc0dc27000 	C:\WINDOWS\System32\RPCRT4.dll
0x00007ffc0daf0000 - 0x00007ffc0daf8000 	C:\WINDOWS\System32\PSAPI.DLL
0x00007ffbf27e0000 - 0x00007ffbf27e9000 	C:\WINDOWS\SYSTEM32\WSOCK32.dll
0x00007ffc044a0000 - 0x00007ffc044d4000 	C:\WINDOWS\SYSTEM32\WINMM.dll
0x00007ffc03fe0000 - 0x00007ffc03fea000 	C:\WINDOWS\SYSTEM32\VERSION.dll
0x00007ffc0d800000 - 0x00007ffc0d871000 	C:\WINDOWS\System32\WS2_32.dll
0x00007ffc0acc0000 - 0x00007ffc0acd8000 	C:\WINDOWS\SYSTEM32\kernel.appcore.dll
0x00007ffbfec50000 - 0x00007ffbfec60000 	C:\Program Files\Microsoft\jdk-11.0.16.101-hotspot\bin\verify.dll
0x00007ffc09500000 - 0x00007ffc09733000 	C:\WINDOWS\SYSTEM32\DBGHELP.DLL
0x00007ffc0ced0000 - 0x00007ffc0d259000 	C:\WINDOWS\System32\combase.dll
0x00007ffc0cdf0000 - 0x00007ffc0cec7000 	C:\WINDOWS\System32\OLEAUT32.dll
0x00007ffbf4b30000 - 0x00007ffbf4b62000 	C:\WINDOWS\SYSTEM32\dbgcore.DLL
0x00007ffc0c5a0000 - 0x00007ffc0c61a000 	C:\WINDOWS\System32\bcryptPrimitives.dll
0x00007ffbe6650000 - 0x00007ffbe6678000 	C:\Program Files\Microsoft\jdk-11.0.16.101-hotspot\bin\java.dll
0x00007ffbfec20000 - 0x00007ffbfec2a000 	C:\Program Files\Microsoft\jdk-11.0.16.101-hotspot\bin\jimage.dll
0x00007ffbe6e80000 - 0x00007ffbe6e98000 	C:\Program Files\Microsoft\jdk-11.0.16.101-hotspot\bin\zip.dll

dbghelp: loaded successfully - version: 4.0.5 - missing functions: none
symbol engine: initialized successfully - sym options: 0x614 - pdb path: .;C:\Program Files\Microsoft\jdk-11.0.16.101-hotspot\bin;C:\WINDOWS\SYSTEM32;C:\WINDOWS\WinSxS\amd64_microsoft.windows.common-controls_6595b64144ccf1df_6.0.22621.2506_none_270c5ae97388e100;C:\Program Files\Microsoft\jdk-11.0.16.101-hotspot\bin\server

VM Arguments:
jvm_args: -Dfile.encoding=UTF8 
java_command: <unknown>
java_class_path (initial): <not set>
Launcher Type: SUN_STANDARD

[Global flags]
     intx CICompilerCount                          = 4                                         {product} {ergonomic}
     uint ConcGCThreads                            = 2                                         {product} {ergonomic}
     uint G1ConcRefinementThreads                  = 8                                         {product} {ergonomic}
   size_t G1HeapRegionSize                         = 1048576                                   {product} {ergonomic}
    uintx GCDrainStackTargetSize                   = 64                                        {product} {ergonomic}
   size_t InitialHeapSize                          = 134217728                                 {product} {ergonomic}
   size_t MarkStackSize                            = 4194304                                   {product} {ergonomic}
   size_t MaxHeapSize                              = 2120220672                                {product} {ergonomic}
   size_t MinHeapDeltaBytes                        = 1048576                                   {product} {ergonomic}
    uintx NonNMethodCodeHeapSize                   = 5836300                                {pd product} {ergonomic}
    uintx NonProfiledCodeHeapSize                  = 122910970                              {pd product} {ergonomic}
    uintx ProfiledCodeHeapSize                     = 122910970                              {pd product} {ergonomic}
    uintx ReservedCodeCacheSize                    = 251658240                              {pd product} {ergonomic}
     bool SegmentedCodeCache                       = true                                      {product} {ergonomic}
     bool UseCompressedClassPointers               = true                                 {lp64_product} {ergonomic}
     bool UseCompressedOops                        = true                                 {lp64_product} {ergonomic}
     bool UseG1GC                                  = true                                      {product} {ergonomic}
     bool UseLargePagesIndividualAllocation        = false                                  {pd product} {ergonomic}

Logging:
Log output configuration:
 #0: stdout all=warning uptime,level,tags
 #1: stderr all=off uptime,level,tags

Environment Variables:
JAVA_TOOL_OPTIONS=-Dfile.encoding=UTF8
PATH=C:\Users\Alef Ap. de Paula\Desktop\academy\node_modules\.bin;C:\Users\Alef Ap. de Paula\Desktop\node_modules\.bin;C:\Users\Alef Ap. de Paula\node_modules\.bin;C:\Users\node_modules\.bin;C:\node_modules\.bin;C:\Users\Alef Ap. de Paula\AppData\Roaming\nvm\v16.17.0\node_modules\npm\node_modules\@npmcli\run-script\lib\node-gyp-bin;C:\Program Files\Microsoft\jdk-11.0.16.101-hotspot\bin;C:\Windows\system32;C:\Windows;C:\Windows\System32\Wbem;C:\Windows\System32\WindowsPowerShell\v1.0\;C:\Windows\System32\OpenSSH\;C:\Program Files (x86)\NVIDIA Corporation\PhysX\Common;C:\Program Files\NVIDIA Corporation\NVIDIA NvDLISR;C:\Program Files\Git\cmd;C:\MinGW\bin;C:\Program Files\Microsoft SQL Server\150\Tools\Binn\;C:\Program Files\Microsoft SQL Server\Client SDK\ODBC\170\Tools\Binn\;C:\Program Files\dotnet\;C:\Program Files\Docker\Docker\resources\bin;C:\Users\Alef Ap. de Paula\AppData\Roaming\nvm;C:\Program Files\nodejs;C:\WINDOWS\system32;C:\WINDOWS;C:\WINDOWS\System32\Wbem;C:\WINDOWS\System32\WindowsPowerShell\v1.0\;C:\WINDOWS\System32\OpenSSH\;C:\Program Files\MongoDB\Server\7.0\bin;C:\Users\Alef Ap. de Paula\AppData\Local\Programs\Python\Python310\Scripts\;C:\Users\Alef Ap. de Paula\AppData\Local\Programs\Python\Python310\;C:\Users\Alef Ap. de Paula\AppData\Local\Microsoft\WindowsApps;C:\Users\Alef Ap. de Paula\AppData\Local\Programs\Microsoft VS Code\bin;C:\Program Files\JetBrains\PyCharm Community Edition 2022.2.1\bin;;C:\MinGW\bin;C:\Users\Alef Ap. de Paula\.dotnet\tools;C:\Program Files\JetBrains\IntelliJ IDEA Community Edition 2023.2\bin;;C:\Users\Alef Ap. de Paula\AppData\Roaming\npm;C:\Users\Alef Ap. de Paula\AppData\Roaming\nvm;C:\Program Files\nodejs;C:\Program Files\MongoDB\Server\7.0\bin;;C:\Users\Alef Ap. de Paula\Desktop\academy\node_modules\.bin
USERNAME=Alef Ap. de Paula
LANG=en_US.UTF-8
OS=Windows_NT
PROCESSOR_IDENTIFIER=Intel64 Family 6 Model 142 Stepping 12, GenuineIntel
TMP=C:\Users\ALEFAP~1.DEP\AppData\Local\Temp
TEMP=C:\Users\ALEFAP~1.DEP\AppData\Local\Temp



---------------  S Y S T E M  ---------------

OS: Windows 11 , 64 bit Build 22621 (10.0.22621.2506)
OS uptime: 6 days 21:22 hours
Hyper-V role detected

CPU:total 8 (initial active 8) (4 cores per cpu, 2 threads per core) family 6 model 142 stepping 12 microcode 0xde, cmov, cx8, fxsr, mmx, sse, sse2, sse3, ssse3, sse4.1, sse4.2, popcnt, avx, avx2, aes, clmul, erms, 3dnowpref, lzcnt, ht, tsc, tscinvbit, bmi1, bmi2, adx, fma

Memory: 4k page, system-wide physical 8083M (659M free)
TotalPageFile size 32659M (AvailPageFile size 11M)
current process WorkingSet (physical memory assigned to process): 11M, peak: 11M
current process commit charge ("private bytes"): 60M, peak: 188M

vm_info: OpenJDK 64-Bit Server VM (11.0.16.1+1-LTS) for windows-amd64 JRE (11.0.16.1+1-LTS), built on Aug 20 2022 20:09:04 by "" with MS VC++ 15.9 (VS2017)

END.
